<?xml version="1.0" encoding="UTF-8"?>
<testng-results ignored="0" total="3" passed="3" failed="0" skipped="0">
  <reporter-output>
  </reporter-output>
  <suite started-at="2025-10-22T15:43:53 IST" name="Default suite" finished-at="2025-10-22T15:43:57 IST" duration-ms="4817">
    <groups>
    </groups>
    <test started-at="2025-10-22T15:43:53 IST" name="Default test" finished-at="2025-10-22T15:43:57 IST" duration-ms="4817">
      <class name="com.tests.PutPatchAndDeleteExample">
        <test-method signature="deleteRequestResponseExample()[pri:0, instance:com.tests.PutPatchAndDeleteExample@1b7cc17c]" started-at="2025-10-22T15:43:53 IST" name="deleteRequestResponseExample" finished-at="2025-10-22T15:43:57 IST" duration-ms="4025" status="PASS">
          <reporter-output>
          </reporter-output>
        </test-method> <!-- deleteRequestResponseExample -->
        <test-method signature="patchRequestResponseExample()[pri:0, instance:com.tests.PutPatchAndDeleteExample@1b7cc17c]" started-at="2025-10-22T15:43:57 IST" name="patchRequestResponseExample" finished-at="2025-10-22T15:43:57 IST" duration-ms="455" status="PASS">
          <reporter-output>
          </reporter-output>
        </test-method> <!-- patchRequestResponseExample -->
        <test-method signature="putRequestResponseExample()[pri:0, instance:com.tests.PutPatchAndDeleteExample@1b7cc17c]" started-at="2025-10-22T15:43:57 IST" name="putRequestResponseExample" finished-at="2025-10-22T15:43:57 IST" duration-ms="253" status="PASS">
          <reporter-output>
          </reporter-output>
        </test-method> <!-- putRequestResponseExample -->
      </class> <!-- com.tests.PutPatchAndDeleteExample -->
    </test> <!-- Default test -->
  </suite> <!-- Default suite -->
</testng-results>
