<?xml version="1.0" encoding="UTF-8"?>
<!-- Generated by org.testng.reporters.JUnitXMLReporter -->
<testsuite ignored="0" hostname="MadhumitaGuha" failures="0" tests="3" name="Default test" time="4.817" errors="0" timestamp="2025-10-22T15:43:57 IST">
  <testcase classname="com.tests.PutPatchAndDeleteExample" name="deleteRequestResponseExample" time="4.025"/>
  <testcase classname="com.tests.PutPatchAndDeleteExample" name="patchRequestResponseExample" time="0.455"/>
  <testcase classname="com.tests.PutPatchAndDeleteExample" name="putRequestResponseExample" time="0.253"/>
</testsuite> <!-- Default test -->
